# JRE version: Java(TM) SE Runtime Environment (12.0.2+10) (build 12.0.2+10)
# Java VM: Java HotSpot(TM) 64-Bit Server VM (12.0.2+10, mixed mode, sharing, tiered, compressed oops, g1 gc, linux-amd64)
Heap:
 garbage-first heap   total 503808K, used 161508K [0x00000000c2600000, 0x0000000100000000)
  region size 1024K, 2 young (2048K), 2 survivors (2048K)
 Metaspace       used 8276K, capacity 8760K, committed 8960K, reserved 1056768K
  class space    used 873K, capacity 957K, committed 1024K, reserved 1048576K
GC Heap History (10 events):
Event: 4.990 GC heap after
{Heap after GC invocations=17 (full 0):
 garbage-first heap   total 132096K, used 108772K [0x00000000c2600000, 0x0000000100000000)
  region size 1024K, 1 young (1024K), 1 survivors (1024K)
 Metaspace       used 8274K, capacity 8760K, committed 8960K, reserved 1056768K
  class space    used 873K, capacity 957K, committed 1024K, reserved 1048576K
}
Event: 5.052 GC heap before
{Heap before GC invocations=17 (full 0):
 garbage-first heap   total 132096K, used 113892K [0x00000000c2600000, 0x0000000100000000)
  region size 1024K, 6 young (6144K), 1 survivors (1024K)
 Metaspace       used 8274K, capacity 8760K, committed 8960K, reserved 1056768K
  class space    used 873K, capacity 957K, committed 1024K, reserved 1048576K
}
Event: 5.067 GC heap after
{Heap after GC invocations=18 (full 0):
 garbage-first heap   total 173056K, used 114404K [0x00000000c2600000, 0x0000000100000000)
  region size 1024K, 1 young (1024K), 1 survivors (1024K)
 Metaspace       used 8274K, capacity 8760K, committed 8960K, reserved 1056768K
  class space    used 873K, capacity 957K, committed 1024K, reserved 1048576K
}
Event: 5.200 GC heap before
{Heap before GC invocations=18 (full 0):
 garbage-first heap   total 199680K, used 126692K [0x00000000c2600000, 0x0000000100000000)
  region size 1024K, 13 young (13312K), 1 survivors (1024K)
 Metaspace       used 8274K, capacity 8760K, committed 8960K, reserved 1056768K
  class space    used 873K, capacity 957K, committed 1024K, reserved 1048576K
}
Event: 5.226 GC heap after
{Heap after GC invocations=19 (full 0):
 garbage-first heap   total 199680K, used 127204K [0x00000000c2600000, 0x0000000100000000)
  region size 1024K, 2 young (2048K), 2 survivors (2048K)
 Metaspace       used 8274K, capacity 8760K, committed 8960K, reserved 1056768K
  class space    used 873K, capacity 957K, committed 1024K, reserved 1048576K
}
Event: 5.350 GC heap before
{Heap before GC invocations=20 (full 0):
 garbage-first heap   total 199680K, used 142564K [0x00000000c2600000, 0x0000000100000000)
  region size 1024K, 17 young (17408K), 2 survivors (2048K)
 Metaspace       used 8274K, capacity 8760K, committed 8960K, reserved 1056768K
  class space    used 873K, capacity 957K, committed 1024K, reserved 1048576K
}
Event: 5.396 GC heap after
{Heap after GC invocations=21 (full 0):
 garbage-first heap   total 199680K, used 143076K [0x00000000c2600000, 0x0000000100000000)
  region size 1024K, 3 young (3072K), 3 survivors (3072K)
 Metaspace       used 8274K, capacity 8760K, committed 8960K, reserved 1056768K
  class space    used 873K, capacity 957K, committed 1024K, reserved 1048576K
}
Event: 5.519 GC heap before
{Heap before GC invocations=21 (full 0):
 garbage-first heap   total 199680K, used 153316K [0x00000000c2600000, 0x0000000100000000)
  region size 1024K, 13 young (13312K), 3 survivors (3072K)
 Metaspace       used 8276K, capacity 8760K, committed 8960K, reserved 1056768K
  class space    used 873K, capacity 957K, committed 1024K, reserved 1048576K
}
Event: 5.604 GC heap after
{Heap after GC invocations=22 (full 0):
 garbage-first heap   total 199680K, used 153828K [0x00000000c2600000, 0x0000000100000000)
  region size 1024K, 2 young (2048K), 2 survivors (2048K)
 Metaspace       used 8276K, capacity 8760K, committed 8960K, reserved 1056768K
  class space    used 873K, capacity 957K, committed 1024K, reserved 1048576K
}
Event: 5.735 GC heap before
{Heap before GC invocations=22 (full 0):
 garbage-first heap   total 199680K, used 159972K [0x00000000c2600000, 0x0000000100000000)
  region size 1024K, 9 young (9216K), 2 survivors (2048K)
 Metaspace       used 8276K, capacity 8760K, committed 8960K, reserved 1056768K
  class space    used 873K, capacity 957K, committed 1024K, reserved 1048576K
}

