# JRE version: Java(TM) SE Runtime Environment (12.0.2+10) (build 12.0.2+10)
# Java VM: Java HotSpot(TM) 64-Bit Server VM (12.0.2+10, mixed mode, sharing, tiered, compressed oops, g1 gc, linux-amd64)
Heap:
 garbage-first heap   total 374784K, used 150764K [0x00000000c2600000, 0x0000000100000000)
  region size 1024K, 3 young (3072K), 3 survivors (3072K)
 Metaspace       used 8291K, capacity 8761K, committed 8960K, reserved 1056768K
  class space    used 873K, capacity 957K, committed 1024K, reserved 1048576K
GC Heap History (10 events):
Event: 3.858 GC heap after
{Heap after GC invocations=12 (full 0):
 garbage-first heap   total 166912K, used 64236K [0x00000000c2600000, 0x0000000100000000)
  region size 1024K, 1 young (1024K), 1 survivors (1024K)
 Metaspace       used 8289K, capacity 8761K, committed 8960K, reserved 1056768K
  class space    used 873K, capacity 957K, committed 1024K, reserved 1048576K
}
Event: 4.448 GC heap before
{Heap before GC invocations=13 (full 0):
 garbage-first heap   total 166912K, used 92908K [0x00000000c2600000, 0x0000000100000000)
  region size 1024K, 29 young (29696K), 1 survivors (1024K)
 Metaspace       used 8289K, capacity 8761K, committed 8960K, reserved 1056768K
  class space    used 873K, capacity 957K, committed 1024K, reserved 1048576K
}
Event: 4.513 GC heap after
{Heap after GC invocations=14 (full 0):
 garbage-first heap   total 166912K, used 93420K [0x00000000c2600000, 0x0000000100000000)
  region size 1024K, 4 young (4096K), 4 survivors (4096K)
 Metaspace       used 8289K, capacity 8761K, committed 8960K, reserved 1056768K
  class space    used 873K, capacity 957K, committed 1024K, reserved 1048576K
}
Event: 4.753 GC heap before
{Heap before GC invocations=14 (full 0):
 garbage-first heap   total 166912K, used 110828K [0x00000000c2600000, 0x0000000100000000)
  region size 1024K, 21 young (21504K), 4 survivors (4096K)
 Metaspace       used 8289K, capacity 8761K, committed 8960K, reserved 1056768K
  class space    used 873K, capacity 957K, committed 1024K, reserved 1048576K
}
Event: 4.830 GC heap after
{Heap after GC invocations=15 (full 0):
 garbage-first heap   total 166912K, used 111340K [0x00000000c2600000, 0x0000000100000000)
  region size 1024K, 3 young (3072K), 3 survivors (3072K)
 Metaspace       used 8289K, capacity 8761K, committed 8960K, reserved 1056768K
  class space    used 873K, capacity 957K, committed 1024K, reserved 1048576K
}
Event: 5.052 GC heap before
{Heap before GC invocations=15 (full 0):
 garbage-first heap   total 166912K, used 122604K [0x00000000c2600000, 0x0000000100000000)
  region size 1024K, 14 young (14336K), 3 survivors (3072K)
 Metaspace       used 8289K, capacity 8761K, committed 8960K, reserved 1056768K
  class space    used 873K, capacity 957K, committed 1024K, reserved 1048576K
}
Event: 5.074 GC heap after
{Heap after GC invocations=16 (full 0):
 garbage-first heap   total 166912K, used 123116K [0x00000000c2600000, 0x0000000100000000)
  region size 1024K, 2 young (2048K), 2 survivors (2048K)
 Metaspace       used 8289K, capacity 8761K, committed 8960K, reserved 1056768K
  class space    used 873K, capacity 957K, committed 1024K, reserved 1048576K
}
Event: 5.333 GC heap before
{Heap before GC invocations=16 (full 0):
 garbage-first heap   total 215040K, used 130284K [0x00000000c2600000, 0x0000000100000000)
  region size 1024K, 9 young (9216K), 2 survivors (2048K)
 Metaspace       used 8289K, capacity 8761K, committed 8960K, reserved 1056768K
  class space    used 873K, capacity 957K, committed 1024K, reserved 1048576K
}
Event: 5.369 GC heap after
{Heap after GC invocations=17 (full 0):
 garbage-first heap   total 215040K, used 130796K [0x00000000c2600000, 0x0000000100000000)
  region size 1024K, 2 young (2048K), 2 survivors (2048K)
 Metaspace       used 8289K, capacity 8761K, committed 8960K, reserved 1056768K
  class space    used 873K, capacity 957K, committed 1024K, reserved 1048576K
}
Event: 5.818 GC heap before
{Heap before GC invocations=18 (full 0):
 garbage-first heap   total 215040K, used 150252K [0x00000000c2600000, 0x0000000100000000)
  region size 1024K, 21 young (21504K), 2 survivors (2048K)
 Metaspace       used 8291K, capacity 8761K, committed 8960K, reserved 1056768K
  class space    used 873K, capacity 957K, committed 1024K, reserved 1048576K
}

